0 info it worked if it ends with ok
1 verbose cli [ '/usr/bin/node', '/usr/bin/npm', 'run', 'dev' ]
2 info using npm@3.5.2
3 info using node@v8.10.0
4 verbose run-script [ 'predev', 'dev', 'postdev' ]
5 info lifecycle Vue-shop-project@1.0.0~predev: Vue-shop-project@1.0.0
6 silly lifecycle Vue-shop-project@1.0.0~predev: no script for predev, continuing
7 info lifecycle Vue-shop-project@1.0.0~dev: Vue-shop-project@1.0.0
8 verbose lifecycle Vue-shop-project@1.0.0~dev: unsafe-perm in lifecycle true
9 verbose lifecycle Vue-shop-project@1.0.0~dev: PATH: /usr/share/npm/bin/node-gyp-bin:/mnt/d/vue/Vue-shop-project/node_modules/.bin:/usr/local/mysql/bin:/usr/local/sbin:/usr/local/bin:/usr/sbin:/usr/bin:/sbin:/bin:/usr/games:/usr/local/games:/mnt/c/Program Files/AdoptOpenJDK/jdk-12.0.1.12-hotspot/bin:/mnt/c/WINDOWS/system32:/mnt/c/WINDOWS:/mnt/c/WINDOWS/System32/Wbem:/mnt/c/WINDOWS/System32/WindowsPowerShell/v1.0/:/mnt/c/WINDOWS/System32/OpenSSH/:/mnt/c/Program Files/Microsoft VS Code/bin:/mnt/c/Program Files/Git/cmd:/mnt/c/Program Files/nodejs/:/mnt/c/Users/xuli/AppData/Local/Microsoft/WindowsApps:/mnt/c/Users/xuli/AppData/Local/hyper/app-3.0.2/resources/bin:/mnt/c/Users/xuli/AppData/Roaming/npm:/home/xuli/.fzf/bin
10 verbose lifecycle Vue-shop-project@1.0.0~dev: CWD: /mnt/d/vue/Vue-shop-project
11 silly lifecycle Vue-shop-project@1.0.0~dev: Args: [ '-c', 'webpack-dev-server --hot --open --host 192.168.8.240' ]
12 silly lifecycle Vue-shop-project@1.0.0~dev: Returned: code: 1  signal: null
13 info lifecycle Vue-shop-project@1.0.0~dev: Failed to exec dev script
14 verbose stack Error: Vue-shop-project@1.0.0 dev: `webpack-dev-server --hot --open --host 192.168.8.240`
14 verbose stack Exit status 1
14 verbose stack     at EventEmitter.<anonymous> (/usr/share/npm/lib/utils/lifecycle.js:232:16)
14 verbose stack     at emitTwo (events.js:126:13)
14 verbose stack     at EventEmitter.emit (events.js:214:7)
14 verbose stack     at ChildProcess.<anonymous> (/usr/share/npm/lib/utils/spawn.js:24:14)
14 verbose stack     at emitTwo (events.js:126:13)
14 verbose stack     at ChildProcess.emit (events.js:214:7)
14 verbose stack     at maybeClose (internal/child_process.js:925:16)
14 verbose stack     at Process.ChildProcess._handle.onexit (internal/child_process.js:209:5)
15 verbose pkgid Vue-shop-project@1.0.0
16 verbose cwd /mnt/d/vue/Vue-shop-project
17 error Linux 4.4.0-18362-Microsoft
18 error argv "/usr/bin/node" "/usr/bin/npm" "run" "dev"
19 error node v8.10.0
20 error npm  v3.5.2
21 error code ELIFECYCLE
22 error Vue-shop-project@1.0.0 dev: `webpack-dev-server --hot --open --host 192.168.8.240`
22 error Exit status 1
23 error Failed at the Vue-shop-project@1.0.0 dev script 'webpack-dev-server --hot --open --host 192.168.8.240'.
23 error Make sure you have the latest version of node.js and npm installed.
23 error If you do, this is most likely a problem with the Vue-shop-project package,
23 error not with npm itself.
23 error Tell the author that this fails on your system:
23 error     webpack-dev-server --hot --open --host 192.168.8.240
23 error You can get information on how to open an issue for this project with:
23 error     npm bugs Vue-shop-project
23 error Or if that isn't available, you can get their info via:
23 error     npm owner ls Vue-shop-project
23 error There is likely additional logging output above.
24 verbose exit [ 1, true ]
